Starting a Gradle Daemon (subsequent builds will be faster)
Warning: SDK processing. This version only understands SDK XML versions up to 3 but an SDK XML file of version 4 was encountered. This can happen if you use versions of Android Studio and the command-line tools that were released at different times.
> Task :app:preBuild UP-TO-DATE
> Task :app:preDebugBuild UP-TO-DATE
> Task :app:mergeDebugNativeDebugMetadata NO-SOURCE
> Task :app:checkKotlinGradlePluginConfigurationErrors
> Task :app:generateDebugBuildConfig UP-TO-DATE
> Task :app:checkDebugAarMetadata UP-TO-DATE
> Task :app:generateDebugResValues UP-TO-DATE
> Task :app:mapDebugSourceSetPaths UP-TO-DATE
> Task :app:generateDebugResources UP-TO-DATE
> Task :app:mergeDebugResources UP-TO-DATE
> Task :app:packageDebugResources UP-TO-DATE
> Task :app:parseDebugLocalResources UP-TO-DATE
> Task :app:createDebugCompatibleScreenManifests UP-TO-DATE
> Task :app:extractDeepLinksDebug UP-TO-DATE
> Task :app:processDebugMainManifest UP-TO-DATE
> Task :app:processDebugManifest UP-TO-DATE
> Task :app:processDebugManifestForPackage UP-TO-DATE
> Task :app:processDebugResources UP-TO-DATE
> Task :app:javaPreCompileDebug UP-TO-DATE
> Task :app:mergeDebugShaders UP-TO-DATE
> Task :app:compileDebugShaders NO-SOURCE
> Task :app:generateDebugAssets UP-TO-DATE
> Task :app:mergeDebugAssets UP-TO-DATE
> Task :app:compressDebugAssets UP-TO-DATE
> Task :app:checkDebugDuplicateClasses UP-TO-DATE
> Task :app:desugarDebugFileDependencies UP-TO-DATE
> Task :app:kspDebugKotlin
> Task :app:mergeExtDexDebug
> Task :app:mergeDebugJniLibFolders UP-TO-DATE
> Task :app:mergeLibDexDebug
> Task :app:mergeDebugNativeLibs UP-TO-DATE
> Task :app:stripDebugDebugSymbols
> Task :app:validateSigningDebug
> Task :app:writeDebugAppMetadata
> Task :app:writeDebugSigningConfigVersions
> Task :app:compileDebugKotlin
w: file:///app/app/src/main/java/com/example/pantrypal/MainActivity.kt:85:40 'REPLACE' is deprecated. Deprecated in favor of the UPDATE policy. UPDATE policy has very similar behavior: next run of the worker with the same unique name, going to have new specification. However, UPDATE has better defaults: unlike REPLACE policy UPDATE won't cancel the worker if it is currently running and new worker specification will be used only on the next run. Also it preserves original enqueue time, so unlike REPLACE period isn't reset. If you want to preserve previous behavior, CANCEL_AND_REENQUEUE should be used.
w: file:///app/app/src/main/java/com/example/pantrypal/MainActivity.kt:387:36 'List: ImageVector' is deprecated. Use the AutoMirrored version at Icons.AutoMirrored.Filled.List
w: file:///app/app/src/main/java/com/example/pantrypal/ui/BarcodeScanner.kt:57:9 Variable 'context' is never used
w: file:///app/app/src/main/java/com/example/pantrypal/viewmodel/MainViewModel.kt:65:10 This declaration needs opt-in. Its usage should be marked with '@kotlinx.coroutines.ExperimentalCoroutinesApi' or '@OptIn(kotlinx.coroutines.ExperimentalCoroutinesApi::class)'
w: file:///app/app/src/main/java/com/example/pantrypal/viewmodel/MainViewModel.kt:84:10 This declaration needs opt-in. Its usage should be marked with '@kotlinx.coroutines.ExperimentalCoroutinesApi' or '@OptIn(kotlinx.coroutines.ExperimentalCoroutinesApi::class)'

> Task :app:compileDebugJavaWithJavac
warning: [options] source value 8 is obsolete and will be removed in a future release
warning: [options] target value 8 is obsolete and will be removed in a future release
warning: [options] To suppress warnings about obsolete options, use -Xlint:-options.
3 warnings

> Task :app:processDebugJavaRes
> Task :app:dexBuilderDebug
> Task :app:mergeProjectDexDebug
> Task :app:mergeDebugJavaResource
> Task :app:packageDebug
> Task :app:createDebugApkListingFileRedirect
> Task :app:assembleDebug

Deprecated Gradle features were used in this build, making it incompatible with Gradle 9.0.

You can use '--warning-mode all' to show the individual deprecation warnings and determine if they come from your own scripts or plugins.

For more on this, please refer to https://docs.gradle.org/8.8/userguide/command_line_interface.html#sec:command_line_warnings in the Gradle documentation.

BUILD SUCCESSFUL in 2m 52s
37 actionable tasks: 16 executed, 21 up-to-date
